<html>
<head>
<title>TestNG:  Default test</title>
<link href="../testng.css" rel="stylesheet" type="text/css" />
<link href="../my-testng.css" rel="stylesheet" type="text/css" />

<style type="text/css">
.log { display: none;} 
.stack-trace { display: none;} 
</style>
<script type="text/javascript">
<!--
function flip(e) {
  current = e.style.display;
  if (current == 'block') {
    e.style.display = 'none';
    return 0;
  }
  else {
    e.style.display = 'block';
    return 1;
  }
}

function toggleBox(szDivId, elem, msg1, msg2)
{
  var res = -1;  if (document.getElementById) {
    res = flip(document.getElementById(szDivId));
  }
  else if (document.all) {
    // this is the way old msie versions work
    res = flip(document.all[szDivId]);
  }
  if(elem) {
    if(res == 0) elem.innerHTML = msg1; else elem.innerHTML = msg2;
  }

}

function toggleAllBoxes() {
  if (document.getElementsByTagName) {
    d = document.getElementsByTagName('div');
    for (i = 0; i < d.length; i++) {
      if (d[i].className == 'log') {
        flip(d[i]);
      }
    }
  }
}

// -->
</script>

</head>
<body>
<h2 align='center'>Default test</h2><table border='1' align="center">
<tr>
<td>Tests passed/Failed/Skipped:</td><td>7/1/0</td>
</tr><tr>
<td>Started on:</td><td>Thu Jun 18 22:12:43 IST 2020</td>
</tr>
<tr><td>Total time:</td><td>70 seconds (70434 ms)</td>
</tr><tr>
<td>Included groups:</td><td></td>
</tr><tr>
<td>Excluded groups:</td><td></td>
</tr>
</table><p/>
<small><i>(Hover the method name to see the test class name)</i></small><p/>
<table width='100%' border='1' class='invocation-failed'>
<tr><td colspan='4' align='center'><b>FAILED TESTS</b></td></tr>
<tr><td><b>Test method</b></td>
<td width="30%"><b>Exception</b></td>
<td width="10%"><b>Time (seconds)</b></td>
<td><b>Instance</b></td>
</tr>
<tr>
<td title='com.demoworkshop.qa.Test.DemoWorkShop_End_To_End.TC007_SelectShippingCart_From_DemoWebShop()'><b>TC007_SelectShippingCart_From_DemoWebShop</b><br>Test class: com.demoworkshop.qa.Test.DemoWorkShop_End_To_End<br/>
<a href="#Output-1840940155" onClick='toggleBox("Output-1840940155", this, "Show output", "Hide output");'>Show output</a>

<a href="#Output-1840940155" onClick="toggleAllBoxes();">Show all outputs</a>
<div class='log' id="Output-1840940155">
Clicking Shipping cart<br/>
</div>
</td>
<td><div><pre>org.openqa.selenium.TimeoutException: Expected condition failed: waiting for element to be clickable: Proxy element for: DefaultElementLocator &apos;By.xpath: //input[@id=&apos;termsofservice&apos;]&apos; (tried for 20 second(s) with 500 milliseconds interval)
	at org.openqa.selenium.support.ui.WebDriverWait.timeoutException(WebDriverWait.java:95)
	at org.openqa.selenium.support.ui.FluentWait.until(FluentWait.java:272)
	at com.demoworkshop.qa.TestBase.waitForElement(TestBase.java:244)
	at com.demoworkshop.qa.pages.DemoWorkShop_ShoppingCart.Clicking_Shopping_Cart(DemoWorkShop_ShoppingCart.java:68)
	at com.demoworkshop.qa.Test.DemoWorkShop_End_To_End.TC007_SelectShippingCart_From_DemoWebShop(DemoWorkShop_End_To_End.java:122)
	at sun.reflect.NativeMethodAccessorImpl.invoke0(Native Method)
	at sun.reflect.NativeMethodAccessorImpl.invoke(NativeMethodAccessorImpl.java:62)
	at sun.reflect.DelegatingMethodAccessorImpl.invoke(DelegatingMethodAccessorImpl.java:43)
	at java.lang.reflect.Method.invoke(Method.java:498)
	at org.testng.internal.MethodInvocationHelper.invokeMethod(MethodInvocationHelper.java:135)
	at org.testng.internal.TestInvoker.invokeMethod(TestInvoker.java:598)
	at org.testng.internal.TestInvoker.invokeTestMethod(TestInvoker.java:174)
	at org.testng.internal.MethodRunner.runInSequence(MethodRunner.java:46)
	at org.testng.internal.TestInvoker$MethodInvocationAgent.invoke(TestInvoker.java:821)
	at org.testng.internal.TestInvoker.invokeTestMethods(TestInvoker.java:147)
	at org.testng.internal.TestMethodWorker.invokeTestMethods(TestMethodWorker.java:146)
	at org.testng.internal.TestMethodWorker.run(TestMethodWorker.java:128)
	at java.util.ArrayList.forEach(ArrayList.java:1257)
	at org.testng.TestRunner.privateRun(TestRunner.java:767)
	at org.testng.TestRunner.run(TestRunner.java:588)
	at org.testng.SuiteRunner.runTest(SuiteRunner.java:384)
	at org.testng.SuiteRunner.runSequentially(SuiteRunner.java:378)
	at org.testng.SuiteRunner.privateRun(SuiteRunner.java:337)
	at org.testng.SuiteRunner.run(SuiteRunner.java:286)
	at org.testng.SuiteRunnerWorker.runSuite(SuiteRunnerWorker.java:53)
	at org.testng.SuiteRunnerWorker.run(SuiteRunnerWorker.java:96)
	at org.testng.TestNG.runSuitesSequentially(TestNG.java:1214)
	at org.testng.TestNG.runSuitesLocally(TestNG.java:1136)
	at org.testng.TestNG.runSuites(TestNG.java:1066)
	at org.testng.TestNG.run(TestNG.java:1034)
	at org.testng.remote.AbstractRemoteTestNG.run(AbstractRemoteTestNG.java:115)
	at org.testng.remote.RemoteTestNG.initAndRun(RemoteTestNG.java:251)
	at org.testng.remote.RemoteTestNG.main(RemoteTestNG.java:77)
Caused by: org.openqa.selenium.NoSuchElementException: no such element: Unable to locate element: {&quot;method&quot;:&quot;xpath&quot;,&quot;selector&quot;:&quot;//input[@id=&apos;termsofservice&apos;]&quot;}
  (Session info: chrome=83.0.4103.106)
For documentation on this error, please visit: https://www.seleniumhq.org/exceptions/no_such_element.html
Build info: version: &apos;3.141.59&apos;, revision: &apos;e82be7d358&apos;, time: &apos;2018-11-14T08:17:03&apos;
System info: host: &apos;DESKTOP-LMLOJ2T&apos;, ip: &apos;192.168.1.3&apos;, os.name: &apos;Windows 10&apos;, os.arch: &apos;amd64&apos;, os.version: &apos;10.0&apos;, java.version: &apos;1.8.0_251&apos;
Driver info: org.openqa.selenium.chrome.ChromeDriver
Capabilities {acceptInsecureCerts: false, browserName: chrome, browserVersion: 83.0.4103.106, chrome: {chromedriverVersion: 83.0.4103.39 (ccbf011cb2d2b..., userDataDir: C:\Users\sys4\AppData\Local...}, goog:chromeOptions: {debuggerAddress: localhost:54382}, javascriptEnabled: true, networkConnectionEnabled: false, pageLoadStrategy: none, platform: WINDOWS, platformName: WINDOWS, proxy: Proxy(), setWindowRect: true, strictFileInteractability: false, timeouts: {implicit: 0, pageLoad: 300000, script: 30000}, unhandledPromptBehavior: dismiss and notify, webauthn:virtualAuthenticators: true}
Session ID: ccf9717768a728205d4ef34c3842642c
*** Element info: {Using=xpath, value=//input[@id=&apos;termsofservice&apos;]}
	at sun.reflect.NativeConstructorAccessorImpl.newInstance0(Native Method)
	at sun.reflect.NativeConstructorAccessorImpl.newInstance(NativeConstructorAccessorImpl.java:62)
	at sun.reflect.DelegatingConstructorAccessorImpl.newInstance(DelegatingConstructorAccessorImpl.java:45)
	at java.lang.reflect.Constructor.newInstance(Constructor.java:423)
	at org.openqa.selenium.remote.http.W3CHttpResponseCodec.createException(W3CHttpResponseCodec.java:187)
	at org.openqa.selenium.remote.http.W3CHttpResponseCodec.decode(W3CHttpResponseCodec.java:122)
	at org.openqa.selenium.remote.http.W3CHttpResponseCodec.decode(W3CHttpResponseCodec.java:49)
	at org.openqa.selenium.remote.HttpCommandExecutor.execute(HttpCommandExecutor.java:158)
	at org.openqa.selenium.remote.service.DriverCommandExecutor.execute(DriverCommandExecutor.java:83)
	at org.openqa.selenium.remote.RemoteWebDriver.execute(RemoteWebDriver.java:552)
	at org.openqa.selenium.remote.RemoteWebDriver.findElement(RemoteWebDriver.java:323)
	at org.openqa.selenium.remote.RemoteWebDriver.findElementByXPath(RemoteWebDriver.java:428)
	at org.openqa.selenium.By$ByXPath.findElement(By.java:353)
	at org.openqa.selenium.remote.RemoteWebDriver.findElement(RemoteWebDriver.java:315)
	at sun.reflect.GeneratedMethodAccessor10.invoke(Unknown Source)
	at sun.reflect.DelegatingMethodAccessorImpl.invoke(DelegatingMethodAccessorImpl.java:43)
	at java.lang.reflect.Method.invoke(Method.java:498)
	at org.openqa.selenium.support.events.EventFiringWebDriver.lambda$new$1(EventFiringWebDriver.java:105)
	at com.sun.proxy.$Proxy13.findElement(Unknown Source)
	at org.openqa.selenium.support.events.EventFiringWebDriver.findElement(EventFiringWebDriver.java:194)
	at org.openqa.selenium.support.pagefactory.DefaultElementLocator.findElement(DefaultElementLocator.java:69)
	at org.openqa.selenium.support.pagefactory.internal.LocatingElementHandler.invoke(LocatingElementHandler.java:38)
	at com.sun.proxy.$Proxy17.isDisplayed(Unknown Source)
	at org.openqa.selenium.support.ui.ExpectedConditions.elementIfVisible(ExpectedConditions.java:314)
	at org.openqa.selenium.support.ui.ExpectedConditions.access$000(ExpectedConditions.java:43)
	at org.openqa.selenium.support.ui.ExpectedConditions$10.apply(ExpectedConditions.java:300)
	at org.openqa.selenium.support.ui.ExpectedConditions$10.apply(ExpectedConditions.java:297)
	at org.openqa.selenium.support.ui.ExpectedConditions$23.apply(ExpectedConditions.java:670)
	at org.openqa.selenium.support.ui.ExpectedConditions$23.apply(ExpectedConditions.java:666)
	at org.openqa.selenium.support.ui.FluentWait.until(FluentWait.java:249)
	... 31 more
</pre></div><a href='#' onClick='toggleBox("stack-trace1840940155", this, "Click to show all stack frames", "Click to hide stack frames")'>Click to show all stack frames</a>
<div class='stack-trace' id='stack-trace1840940155'><pre>org.openqa.selenium.TimeoutException: Expected condition failed: waiting for element to be clickable: Proxy element for: DefaultElementLocator &apos;By.xpath: //input[@id=&apos;termsofservice&apos;]&apos; (tried for 20 second(s) with 500 milliseconds interval)
	at org.openqa.selenium.support.ui.WebDriverWait.timeoutException(WebDriverWait.java:95)
	at org.openqa.selenium.support.ui.FluentWait.until(FluentWait.java:272)
	at com.demoworkshop.qa.TestBase.waitForElement(TestBase.java:244)
	at com.demoworkshop.qa.pages.DemoWorkShop_ShoppingCart.Clicking_Shopping_Cart(DemoWorkShop_ShoppingCart.java:68)
	at com.demoworkshop.qa.Test.DemoWorkShop_End_To_End.TC007_SelectShippingCart_From_DemoWebShop(DemoWorkShop_End_To_End.java:122)
	at sun.reflect.NativeMethodAccessorImpl.invoke0(Native Method)
	at sun.reflect.NativeMethodAccessorImpl.invoke(NativeMethodAccessorImpl.java:62)
	at sun.reflect.DelegatingMethodAccessorImpl.invoke(DelegatingMethodAccessorImpl.java:43)
	at java.lang.reflect.Method.invoke(Method.java:498)
	at org.testng.internal.MethodInvocationHelper.invokeMethod(MethodInvocationHelper.java:135)
	at org.testng.internal.TestInvoker.invokeMethod(TestInvoker.java:598)
	at org.testng.internal.TestInvoker.invokeTestMethod(TestInvoker.java:174)
	at org.testng.internal.MethodRunner.runInSequence(MethodRunner.java:46)
	at org.testng.internal.TestInvoker$MethodInvocationAgent.invoke(TestInvoker.java:821)
	at org.testng.internal.TestInvoker.invokeTestMethods(TestInvoker.java:147)
	at org.testng.internal.TestMethodWorker.invokeTestMethods(TestMethodWorker.java:146)
	at org.testng.internal.TestMethodWorker.run(TestMethodWorker.java:128)
	at java.util.ArrayList.forEach(ArrayList.java:1257)
	at org.testng.TestRunner.privateRun(TestRunner.java:767)
	at org.testng.TestRunner.run(TestRunner.java:588)
	at org.testng.SuiteRunner.runTest(SuiteRunner.java:384)
	at org.testng.SuiteRunner.runSequentially(SuiteRunner.java:378)
	at org.testng.SuiteRunner.privateRun(SuiteRunner.java:337)
	at org.testng.SuiteRunner.run(SuiteRunner.java:286)
	at org.testng.SuiteRunnerWorker.runSuite(SuiteRunnerWorker.java:53)
	at org.testng.SuiteRunnerWorker.run(SuiteRunnerWorker.java:96)
	at org.testng.TestNG.runSuitesSequentially(TestNG.java:1214)
	at org.testng.TestNG.runSuitesLocally(TestNG.java:1136)
	at org.testng.TestNG.runSuites(TestNG.java:1066)
	at org.testng.TestNG.run(TestNG.java:1034)
	at org.testng.remote.AbstractRemoteTestNG.run(AbstractRemoteTestNG.java:115)
	at org.testng.remote.RemoteTestNG.initAndRun(RemoteTestNG.java:251)
	at org.testng.remote.RemoteTestNG.main(RemoteTestNG.java:77)
Caused by: org.openqa.selenium.NoSuchElementException: no such element: Unable to locate element: {&quot;method&quot;:&quot;xpath&quot;,&quot;selector&quot;:&quot;//input[@id=&apos;termsofservice&apos;]&quot;}
  (Session info: chrome=83.0.4103.106)
For documentation on this error, please visit: https://www.seleniumhq.org/exceptions/no_such_element.html
Build info: version: &apos;3.141.59&apos;, revision: &apos;e82be7d358&apos;, time: &apos;2018-11-14T08:17:03&apos;
System info: host: &apos;DESKTOP-LMLOJ2T&apos;, ip: &apos;192.168.1.3&apos;, os.name: &apos;Windows 10&apos;, os.arch: &apos;amd64&apos;, os.version: &apos;10.0&apos;, java.version: &apos;1.8.0_251&apos;
Driver info: org.openqa.selenium.chrome.ChromeDriver
Capabilities {acceptInsecureCerts: false, browserName: chrome, browserVersion: 83.0.4103.106, chrome: {chromedriverVersion: 83.0.4103.39 (ccbf011cb2d2b..., userDataDir: C:\Users\sys4\AppData\Local...}, goog:chromeOptions: {debuggerAddress: localhost:54382}, javascriptEnabled: true, networkConnectionEnabled: false, pageLoadStrategy: none, platform: WINDOWS, platformName: WINDOWS, proxy: Proxy(), setWindowRect: true, strictFileInteractability: false, timeouts: {implicit: 0, pageLoad: 300000, script: 30000}, unhandledPromptBehavior: dismiss and notify, webauthn:virtualAuthenticators: true}
Session ID: ccf9717768a728205d4ef34c3842642c
*** Element info: {Using=xpath, value=//input[@id=&apos;termsofservice&apos;]}
	at sun.reflect.NativeConstructorAccessorImpl.newInstance0(Native Method)
	at sun.reflect.NativeConstructorAccessorImpl.newInstance(NativeConstructorAccessorImpl.java:62)
	at sun.reflect.DelegatingConstructorAccessorImpl.newInstance(DelegatingConstructorAccessorImpl.java:45)
	at java.lang.reflect.Constructor.newInstance(Constructor.java:423)
	at org.openqa.selenium.remote.http.W3CHttpResponseCodec.createException(W3CHttpResponseCodec.java:187)
	at org.openqa.selenium.remote.http.W3CHttpResponseCodec.decode(W3CHttpResponseCodec.java:122)
	at org.openqa.selenium.remote.http.W3CHttpResponseCodec.decode(W3CHttpResponseCodec.java:49)
	at org.openqa.selenium.remote.HttpCommandExecutor.execute(HttpCommandExecutor.java:158)
	at org.openqa.selenium.remote.service.DriverCommandExecutor.execute(DriverCommandExecutor.java:83)
	at org.openqa.selenium.remote.RemoteWebDriver.execute(RemoteWebDriver.java:552)
	at org.openqa.selenium.remote.RemoteWebDriver.findElement(RemoteWebDriver.java:323)
	at org.openqa.selenium.remote.RemoteWebDriver.findElementByXPath(RemoteWebDriver.java:428)
	at org.openqa.selenium.By$ByXPath.findElement(By.java:353)
	at org.openqa.selenium.remote.RemoteWebDriver.findElement(RemoteWebDriver.java:315)
	at sun.reflect.GeneratedMethodAccessor10.invoke(Unknown Source)
	at sun.reflect.DelegatingMethodAccessorImpl.invoke(DelegatingMethodAccessorImpl.java:43)
	at java.lang.reflect.Method.invoke(Method.java:498)
	at org.openqa.selenium.support.events.EventFiringWebDriver.lambda$new$1(EventFiringWebDriver.java:105)
	at com.sun.proxy.$Proxy13.findElement(Unknown Source)
	at org.openqa.selenium.support.events.EventFiringWebDriver.findElement(EventFiringWebDriver.java:194)
	at org.openqa.selenium.support.pagefactory.DefaultElementLocator.findElement(DefaultElementLocator.java:69)
	at org.openqa.selenium.support.pagefactory.internal.LocatingElementHandler.invoke(LocatingElementHandler.java:38)
	at com.sun.proxy.$Proxy17.isDisplayed(Unknown Source)
	at org.openqa.selenium.support.ui.ExpectedConditions.elementIfVisible(ExpectedConditions.java:314)
	at org.openqa.selenium.support.ui.ExpectedConditions.access$000(ExpectedConditions.java:43)
	at org.openqa.selenium.support.ui.ExpectedConditions$10.apply(ExpectedConditions.java:300)
	at org.openqa.selenium.support.ui.ExpectedConditions$10.apply(ExpectedConditions.java:297)
	at org.openqa.selenium.support.ui.ExpectedConditions$23.apply(ExpectedConditions.java:670)
	at org.openqa.selenium.support.ui.ExpectedConditions$23.apply(ExpectedConditions.java:666)
	at org.openqa.selenium.support.ui.FluentWait.until(FluentWait.java:249)
	... 31 more
</pre></div></td>
<td>41</td>
<td>com.demoworkshop.qa.Test.DemoWorkShop_End_To_End@1e9e725a</td></tr>
</table><p>
<table width='100%' border='1' class='invocation-passed'>
<tr><td colspan='4' align='center'><b>PASSED TESTS</b></td></tr>
<tr><td><b>Test method</b></td>
<td width="30%"><b>Exception</b></td>
<td width="10%"><b>Time (seconds)</b></td>
<td><b>Instance</b></td>
</tr>
<tr>
<td title='com.demoworkshop.qa.Test.DemoWorkShop_End_To_End.TC001_LoginToDemoWebshop()'><b>TC001_LoginToDemoWebshop</b><br>Test class: com.demoworkshop.qa.Test.DemoWorkShop_End_To_End<br/>
<a href="#Output-137275020" onClick='toggleBox("Output-137275020", this, "Show output", "Hide output");'>Show output</a>

<a href="#Output-137275020" onClick="toggleAllBoxes();">Show all outputs</a>
<div class='log' id="Output-137275020">
Click on login page<br/>
Entered email<br/>
Entered password<br/>
</div>
</td>
<td></td>
<td>1</td>
<td>com.demoworkshop.qa.Test.DemoWorkShop_End_To_End@1e9e725a</td></tr>
<tr>
<td title='com.demoworkshop.qa.Test.DemoWorkShop_End_To_End.TC002_Verify_Demowebshop_Homepage_IsDisplayed()'><b>TC002_Verify_Demowebshop_Homepage_IsDisplayed</b><br>Test class: com.demoworkshop.qa.Test.DemoWorkShop_End_To_End<br/>
<a href="#Output-2123222442" onClick='toggleBox("Output-2123222442", this, "Show output", "Hide output");'>Show output</a>

<a href="#Output-2123222442" onClick="toggleAllBoxes();">Show all outputs</a>
<div class='log' id="Output-2123222442">
Verifying the home page is displayed<br/>
Home page is displayed with expected :Tricentis Demo Web Shop is matched with Actual value : Tricentis Demo Web Shop<br/>
</div>
</td>
<td></td>
<td>0</td>
<td>com.demoworkshop.qa.Test.DemoWorkShop_End_To_End@1e9e725a</td></tr>
<tr>
<td title='com.demoworkshop.qa.Test.DemoWorkShop_End_To_End.TC003_SelectBooks_From_BooksPage()'><b>TC003_SelectBooks_From_BooksPage</b><br>Test class: com.demoworkshop.qa.Test.DemoWorkShop_End_To_End<br/>
<a href="#Output-777341499" onClick='toggleBox("Output-777341499", this, "Show output", "Hide output");'>Show output</a>

<a href="#Output-777341499" onClick="toggleAllBoxes();">Show all outputs</a>
<div class='log' id="Output-777341499">
clicking Books on Demo Web shop<br/>
Verifying the Books page is displayed<br/>
Books page is displayed with expected :Books is matched with Actual value : Books<br/>
Selection of value from drop down<br/>
Selection of value from drop down<br/>
Select the picture of health book<br/>
Enter the Quantity<br/>
Click on Add to Cart Button<br/>
</div>
</td>
<td></td>
<td>4</td>
<td>com.demoworkshop.qa.Test.DemoWorkShop_End_To_End@1e9e725a</td></tr>
<tr>
<td title='com.demoworkshop.qa.Test.DemoWorkShop_End_To_End.TC004_SelectDesktops_From_ComputersPage()'><b>TC004_SelectDesktops_From_ComputersPage</b><br>Test class: com.demoworkshop.qa.Test.DemoWorkShop_End_To_End<br/>
<a href="#Output-2076249476" onClick='toggleBox("Output-2076249476", this, "Show output", "Hide output");'>Show output</a>

<a href="#Output-2076249476" onClick="toggleAllBoxes();">Show all outputs</a>
<div class='log' id="Output-2076249476">
Verifying the computers page is displayed<br/>
computers page is displayed with expected :Computers is matched with Actual value : Computers<br/>
Clicking Desktop from Demo WebShop<br/>
Select the Dropdown orderBy<br/>
Select the Dropdown Display<br/>
Select Simple Computer<br/>
Entered The Quantityr<br/>
Add to Cart first<br/>
Close the Error<br/>
Select the Processor<br/>
Add to cart second<br/>
</div>
</td>
<td></td>
<td>8</td>
<td>com.demoworkshop.qa.Test.DemoWorkShop_End_To_End@1e9e725a</td></tr>
<tr>
<td title='com.demoworkshop.qa.Test.DemoWorkShop_End_To_End.TC005_SelectJewelry_From_JewelryPage()'><b>TC005_SelectJewelry_From_JewelryPage</b><br>Test class: com.demoworkshop.qa.Test.DemoWorkShop_End_To_End<br/>
<a href="#Output-1521204009" onClick='toggleBox("Output-1521204009", this, "Show output", "Hide output");'>Show output</a>

<a href="#Output-1521204009" onClick="toggleAllBoxes();">Show all outputs</a>
<div class='log' id="Output-1521204009">
Selecting Jewelry from demo webshop<br/>
Verifying the Jewelry page is displayed<br/>
Jewelry page is displayed with expected :Jewelry is matched with Actual value : Jewelry<br/>
Selecting Dropdown orderBy<br/>
Selecting Dropdown List<br/>
Add to the Cart first<br/>
Entered cm for Jewelry<br/>
Add to the Cart second<br/>
</div>
</td>
<td></td>
<td>4</td>
<td>com.demoworkshop.qa.Test.DemoWorkShop_End_To_End@1e9e725a</td></tr>
<tr>
<td title='com.demoworkshop.qa.Test.DemoWorkShop_End_To_End.TC006_SelectGiftCard_From_GiftCardPage()'><b>TC006_SelectGiftCard_From_GiftCardPage</b><br>Test class: com.demoworkshop.qa.Test.DemoWorkShop_End_To_End<br/>
<a href="#Output-29774113" onClick='toggleBox("Output-29774113", this, "Show output", "Hide output");'>Show output</a>

<a href="#Output-29774113" onClick="toggleAllBoxes();">Show all outputs</a>
<div class='log' id="Output-29774113">
Cliking gift Cards<br/>
Verifying the Gift card page is displayed<br/>
Gift card page is displayed with expected :Gift Cards is matched with Actual value : Gift Cards<br/>
Select The Dropdown of OrderBy<br/>
Select The Dropdown of Display<br/>
Clicking Virtual gift card<br/>
Adding the Quantity<br/>
Clicking Add to cart first<br/>
Close the error<br/>
Enter the Recipient Name<br/>
Enter the Recipient Email<br/>
Add to the Cart second<br/>
</div>
</td>
<td></td>
<td>9</td>
<td>com.demoworkshop.qa.Test.DemoWorkShop_End_To_End@1e9e725a</td></tr>
<tr>
<td title='com.demoworkshop.qa.Test.DemoWorkShop_End_To_End.TC008_Select_Orders_From_DemoWebShop()'><b>TC008_Select_Orders_From_DemoWebShop</b><br>Test class: com.demoworkshop.qa.Test.DemoWorkShop_End_To_End</td>
<td></td>
<td>0</td>
<td>com.demoworkshop.qa.Test.DemoWorkShop_End_To_End@1e9e725a</td></tr>
</table><p>
</body>
</html>