<!DOCTYPE html PUBLIC "-//W3C//DTD XHTML 1.1//EN" "https://www.w3.org/TR/xhtml11/DTD/xhtml11.dtd">
<html xmlns="https://www.w3.org/1999/xhtml">
<head>
<meta http-equiv="content-type" content="text/html; charset=UTF-8"/>
<title>TestNG Report</title>
<style type="text/css">table {margin-bottom:10px;border-collapse:collapse;empty-cells:show}th,td {border:1px solid #009;padding:.25em .5em}th {vertical-align:bottom}td {vertical-align:top}table a {font-weight:bold}.stripe td {background-color: #E6EBF9}.num {text-align:right}.passedodd td {background-color: #3F3}.passedeven td {background-color: #0A0}.skippedodd td {background-color: #DDD}.skippedeven td {background-color: #CCC}.failedodd td,.attn {background-color: #F33}.failedeven td,.stripe .attn {background-color: #D00}.stacktrace {white-space:pre;font-family:monospace}.totop {font-size:85%;text-align:center;border-bottom:2px solid #000}.invisible {display:none}</style>
</head>
<body>
<table>
<tr><th>Test</th><th># Passed</th><th># Skipped</th><th># Retried</th><th># Failed</th><th>Time (ms)</th><th>Included Groups</th><th>Excluded Groups</th></tr>
<tr><th colspan="8">Default suite</th></tr>
<tr><td><a href="#t0">Default test</a></td><td class="num">7</td><td class="num">0</td><td class="num">0</td><td class="num attn">1</td><td class="num">70,434</td><td></td><td></td></tr>
</table>
<table id='summary'><thead><tr><th>Class</th><th>Method</th><th>Start</th><th>Time (ms)</th></tr></thead><tbody><tr><th colspan="4">Default suite</th></tr></tbody><tbody id="t0"><tr><th colspan="4">Default test &#8212; failed</th></tr><tr class="failedeven"><td rowspan="1">com.demoworkshop.qa.Test.DemoWorkShop_End_To_End</td><td><a href="#m0">TC007_SelectShippingCart_From_DemoWebShop</a></td><td rowspan="1">1592498591855</td><td rowspan="1">41142</td></tr><tr><th colspan="4">Default test &#8212; passed</th></tr><tr class="passedeven"><td rowspan="7">com.demoworkshop.qa.Test.DemoWorkShop_End_To_End</td><td><a href="#m1">TC001_LoginToDemoWebshop</a></td><td rowspan="1">1592498563245</td><td rowspan="1">1232</td></tr><tr class="passedeven"><td><a href="#m2">TC002_Verify_Demowebshop_Homepage_IsDisplayed</a></td><td rowspan="1">1592498565142</td><td rowspan="1">230</td></tr><tr class="passedeven"><td><a href="#m3">TC003_SelectBooks_From_BooksPage</a></td><td rowspan="1">1592498565454</td><td rowspan="1">4059</td></tr><tr class="passedeven"><td><a href="#m4">TC004_SelectDesktops_From_ComputersPage</a></td><td rowspan="1">1592498569566</td><td rowspan="1">8246</td></tr><tr class="passedeven"><td><a href="#m5">TC005_SelectJewelry_From_JewelryPage</a></td><td rowspan="1">1592498577894</td><td rowspan="1">4645</td></tr><tr class="passedeven"><td><a href="#m6">TC006_SelectGiftCard_From_GiftCardPage</a></td><td rowspan="1">1592498582612</td><td rowspan="1">9183</td></tr><tr class="passedeven"><td><a href="#m7">TC008_Select_Orders_From_DemoWebShop</a></td><td rowspan="1">1592498633375</td><td rowspan="1">139</td></tr></tbody>
</table>
<h2>Default test</h2><h3 id="m0">com.demoworkshop.qa.Test.DemoWorkShop_End_To_End#TC007_SelectShippingCart_From_DemoWebShop</h3><table class="result"><tr><th>Messages</th></tr><tr><td><div class="messages">Clicking Shipping cart</div></td></tr><tr><th>Exception</th></tr><tr><td><div class="stacktrace">org.openqa.selenium.TimeoutException: Expected condition failed: waiting for element to be clickable: Proxy element for: DefaultElementLocator &apos;By.xpath: //input[@id=&apos;termsofservice&apos;]&apos; (tried for 20 second(s) with 500 milliseconds interval)
	at org.openqa.selenium.support.ui.WebDriverWait.timeoutException(WebDriverWait.java:95)
	at org.openqa.selenium.support.ui.FluentWait.until(FluentWait.java:272)
	at com.demoworkshop.qa.TestBase.waitForElement(TestBase.java:244)
	at com.demoworkshop.qa.pages.DemoWorkShop_ShoppingCart.Clicking_Shopping_Cart(DemoWorkShop_ShoppingCart.java:68)
	at com.demoworkshop.qa.Test.DemoWorkShop_End_To_End.TC007_SelectShippingCart_From_DemoWebShop(DemoWorkShop_End_To_End.java:122)
	at sun.reflect.NativeMethodAccessorImpl.invoke0(Native Method)
	at sun.reflect.NativeMethodAccessorImpl.invoke(NativeMethodAccessorImpl.java:62)
	at sun.reflect.DelegatingMethodAccessorImpl.invoke(DelegatingMethodAccessorImpl.java:43)
	at java.lang.reflect.Method.invoke(Method.java:498)
	at org.testng.internal.MethodInvocationHelper.invokeMethod(MethodInvocationHelper.java:135)
	at org.testng.internal.TestInvoker.invokeMethod(TestInvoker.java:598)
	at org.testng.internal.TestInvoker.invokeTestMethod(TestInvoker.java:174)
	at org.testng.internal.MethodRunner.runInSequence(MethodRunner.java:46)
	at org.testng.internal.TestInvoker$MethodInvocationAgent.invoke(TestInvoker.java:821)
	at org.testng.internal.TestInvoker.invokeTestMethods(TestInvoker.java:147)
	at org.testng.internal.TestMethodWorker.invokeTestMethods(TestMethodWorker.java:146)
	at org.testng.internal.TestMethodWorker.run(TestMethodWorker.java:128)
	at java.util.ArrayList.forEach(ArrayList.java:1257)
	at org.testng.TestRunner.privateRun(TestRunner.java:767)
	at org.testng.TestRunner.run(TestRunner.java:588)
	at org.testng.SuiteRunner.runTest(SuiteRunner.java:384)
	at org.testng.SuiteRunner.runSequentially(SuiteRunner.java:378)
	at org.testng.SuiteRunner.privateRun(SuiteRunner.java:337)
	at org.testng.SuiteRunner.run(SuiteRunner.java:286)
	at org.testng.SuiteRunnerWorker.runSuite(SuiteRunnerWorker.java:53)
	at org.testng.SuiteRunnerWorker.run(SuiteRunnerWorker.java:96)
	at org.testng.TestNG.runSuitesSequentially(TestNG.java:1214)
	at org.testng.TestNG.runSuitesLocally(TestNG.java:1136)
	at org.testng.TestNG.runSuites(TestNG.java:1066)
	at org.testng.TestNG.run(TestNG.java:1034)
	at org.testng.remote.AbstractRemoteTestNG.run(AbstractRemoteTestNG.java:115)
	at org.testng.remote.RemoteTestNG.initAndRun(RemoteTestNG.java:251)
	at org.testng.remote.RemoteTestNG.main(RemoteTestNG.java:77)
Caused by: org.openqa.selenium.NoSuchElementException: no such element: Unable to locate element: {&quot;method&quot;:&quot;xpath&quot;,&quot;selector&quot;:&quot;//input[@id=&apos;termsofservice&apos;]&quot;}
  (Session info: chrome=83.0.4103.106)
For documentation on this error, please visit: https://www.seleniumhq.org/exceptions/no_such_element.html
Build info: version: &apos;3.141.59&apos;, revision: &apos;e82be7d358&apos;, time: &apos;2018-11-14T08:17:03&apos;
System info: host: &apos;DESKTOP-LMLOJ2T&apos;, ip: &apos;192.168.1.3&apos;, os.name: &apos;Windows 10&apos;, os.arch: &apos;amd64&apos;, os.version: &apos;10.0&apos;, java.version: &apos;1.8.0_251&apos;
Driver info: org.openqa.selenium.chrome.ChromeDriver
Capabilities {acceptInsecureCerts: false, browserName: chrome, browserVersion: 83.0.4103.106, chrome: {chromedriverVersion: 83.0.4103.39 (ccbf011cb2d2b..., userDataDir: C:\Users\sys4\AppData\Local...}, goog:chromeOptions: {debuggerAddress: localhost:54382}, javascriptEnabled: true, networkConnectionEnabled: false, pageLoadStrategy: none, platform: WINDOWS, platformName: WINDOWS, proxy: Proxy(), setWindowRect: true, strictFileInteractability: false, timeouts: {implicit: 0, pageLoad: 300000, script: 30000}, unhandledPromptBehavior: dismiss and notify, webauthn:virtualAuthenticators: true}
Session ID: ccf9717768a728205d4ef34c3842642c
*** Element info: {Using=xpath, value=//input[@id=&apos;termsofservice&apos;]}
	at sun.reflect.NativeConstructorAccessorImpl.newInstance0(Native Method)
	at sun.reflect.NativeConstructorAccessorImpl.newInstance(NativeConstructorAccessorImpl.java:62)
	at sun.reflect.DelegatingConstructorAccessorImpl.newInstance(DelegatingConstructorAccessorImpl.java:45)
	at java.lang.reflect.Constructor.newInstance(Constructor.java:423)
	at org.openqa.selenium.remote.http.W3CHttpResponseCodec.createException(W3CHttpResponseCodec.java:187)
	at org.openqa.selenium.remote.http.W3CHttpResponseCodec.decode(W3CHttpResponseCodec.java:122)
	at org.openqa.selenium.remote.http.W3CHttpResponseCodec.decode(W3CHttpResponseCodec.java:49)
	at org.openqa.selenium.remote.HttpCommandExecutor.execute(HttpCommandExecutor.java:158)
	at org.openqa.selenium.remote.service.DriverCommandExecutor.execute(DriverCommandExecutor.java:83)
	at org.openqa.selenium.remote.RemoteWebDriver.execute(RemoteWebDriver.java:552)
	at org.openqa.selenium.remote.RemoteWebDriver.findElement(RemoteWebDriver.java:323)
	at org.openqa.selenium.remote.RemoteWebDriver.findElementByXPath(RemoteWebDriver.java:428)
	at org.openqa.selenium.By$ByXPath.findElement(By.java:353)
	at org.openqa.selenium.remote.RemoteWebDriver.findElement(RemoteWebDriver.java:315)
	at sun.reflect.GeneratedMethodAccessor10.invoke(Unknown Source)
	at sun.reflect.DelegatingMethodAccessorImpl.invoke(DelegatingMethodAccessorImpl.java:43)
	at java.lang.reflect.Method.invoke(Method.java:498)
	at org.openqa.selenium.support.events.EventFiringWebDriver.lambda$new$1(EventFiringWebDriver.java:105)
	at com.sun.proxy.$Proxy13.findElement(Unknown Source)
	at org.openqa.selenium.support.events.EventFiringWebDriver.findElement(EventFiringWebDriver.java:194)
	at org.openqa.selenium.support.pagefactory.DefaultElementLocator.findElement(DefaultElementLocator.java:69)
	at org.openqa.selenium.support.pagefactory.internal.LocatingElementHandler.invoke(LocatingElementHandler.java:38)
	at com.sun.proxy.$Proxy17.isDisplayed(Unknown Source)
	at org.openqa.selenium.support.ui.ExpectedConditions.elementIfVisible(ExpectedConditions.java:314)
	at org.openqa.selenium.support.ui.ExpectedConditions.access$000(ExpectedConditions.java:43)
	at org.openqa.selenium.support.ui.ExpectedConditions$10.apply(ExpectedConditions.java:300)
	at org.openqa.selenium.support.ui.ExpectedConditions$10.apply(ExpectedConditions.java:297)
	at org.openqa.selenium.support.ui.ExpectedConditions$23.apply(ExpectedConditions.java:670)
	at org.openqa.selenium.support.ui.ExpectedConditions$23.apply(ExpectedConditions.java:666)
	at org.openqa.selenium.support.ui.FluentWait.until(FluentWait.java:249)
	... 31 more
</div></td></tr></table><p class="totop"><a href="#summary">back to summary</a></p>
<h3 id="m1">com.demoworkshop.qa.Test.DemoWorkShop_End_To_End#TC001_LoginToDemoWebshop</h3><table class="result"><tr><th>Messages</th></tr><tr><td><div class="messages">Click on login page<br/>Entered email<br/>Entered password</div></td></tr></table><p class="totop"><a href="#summary">back to summary</a></p>
<h3 id="m2">com.demoworkshop.qa.Test.DemoWorkShop_End_To_End#TC002_Verify_Demowebshop_Homepage_IsDisplayed</h3><table class="result"><tr><th>Messages</th></tr><tr><td><div class="messages">Verifying the home page is displayed<br/>Home page is displayed with expected :Tricentis Demo Web Shop is matched with Actual value : Tricentis Demo Web Shop</div></td></tr></table><p class="totop"><a href="#summary">back to summary</a></p>
<h3 id="m3">com.demoworkshop.qa.Test.DemoWorkShop_End_To_End#TC003_SelectBooks_From_BooksPage</h3><table class="result"><tr><th>Messages</th></tr><tr><td><div class="messages">clicking Books on Demo Web shop<br/>Verifying the Books page is displayed<br/>Books page is displayed with expected :Books is matched with Actual value : Books<br/>Selection of value from drop down<br/>Selection of value from drop down<br/>Select the picture of health book<br/>Enter the Quantity<br/>Click on Add to Cart Button</div></td></tr></table><p class="totop"><a href="#summary">back to summary</a></p>
<h3 id="m4">com.demoworkshop.qa.Test.DemoWorkShop_End_To_End#TC004_SelectDesktops_From_ComputersPage</h3><table class="result"><tr><th>Messages</th></tr><tr><td><div class="messages">Verifying the computers page is displayed<br/>computers page is displayed with expected :Computers is matched with Actual value : Computers<br/>Clicking Desktop from Demo WebShop<br/>Select the Dropdown orderBy<br/>Select the Dropdown Display<br/>Select Simple Computer<br/>Entered The Quantityr<br/>Add to Cart first<br/>Close the Error<br/>Select the Processor<br/>Add to cart second</div></td></tr></table><p class="totop"><a href="#summary">back to summary</a></p>
<h3 id="m5">com.demoworkshop.qa.Test.DemoWorkShop_End_To_End#TC005_SelectJewelry_From_JewelryPage</h3><table class="result"><tr><th>Messages</th></tr><tr><td><div class="messages">Selecting Jewelry from demo webshop<br/>Verifying the Jewelry page is displayed<br/>Jewelry page is displayed with expected :Jewelry is matched with Actual value : Jewelry<br/>Selecting Dropdown orderBy<br/>Selecting Dropdown List<br/>Add to the Cart first<br/>Entered cm for Jewelry<br/>Add to the Cart second</div></td></tr></table><p class="totop"><a href="#summary">back to summary</a></p>
<h3 id="m6">com.demoworkshop.qa.Test.DemoWorkShop_End_To_End#TC006_SelectGiftCard_From_GiftCardPage</h3><table class="result"><tr><th>Messages</th></tr><tr><td><div class="messages">Cliking gift Cards<br/>Verifying the Gift card page is displayed<br/>Gift card page is displayed with expected :Gift Cards is matched with Actual value : Gift Cards<br/>Select The Dropdown of OrderBy<br/>Select The Dropdown of Display<br/>Clicking Virtual gift card<br/>Adding the Quantity<br/>Clicking Add to cart first<br/>Close the error<br/>Enter the Recipient Name<br/>Enter the Recipient Email<br/>Add to the Cart second</div></td></tr></table><p class="totop"><a href="#summary">back to summary</a></p>
<h3 id="m7">com.demoworkshop.qa.Test.DemoWorkShop_End_To_End#TC008_Select_Orders_From_DemoWebShop</h3><table class="result"><tr><th class="invisible"/></tr></table><p class="totop"><a href="#summary">back to summary</a></p>
</body>
</html>
