<?xml version="1.0" encoding="UTF-8"?>
<testng-results skipped="0" failed="1" ignored="0" total="8" passed="7">
  <reporter-output>
    <line>
      <![CDATA[Click on login page]]>
    </line>
    <line>
      <![CDATA[Entered email]]>
    </line>
    <line>
      <![CDATA[Entered password]]>
    </line>
    <line>
      <![CDATA[Verifying the home page is displayed]]>
    </line>
    <line>
      <![CDATA[Home page is displayed with expected :Tricentis Demo Web Shop is matched with Actual value : Tricentis Demo Web Shop]]>
    </line>
    <line>
      <![CDATA[clicking Books on Demo Web shop]]>
    </line>
    <line>
      <![CDATA[Verifying the Books page is displayed]]>
    </line>
    <line>
      <![CDATA[Books page is displayed with expected :Books is matched with Actual value : Books]]>
    </line>
    <line>
      <![CDATA[Selection of value from drop down]]>
    </line>
    <line>
      <![CDATA[Selection of value from drop down]]>
    </line>
    <line>
      <![CDATA[Select the picture of health book]]>
    </line>
    <line>
      <![CDATA[Enter the Quantity]]>
    </line>
    <line>
      <![CDATA[Click on Add to Cart Button]]>
    </line>
    <line>
      <![CDATA[Verifying the computers page is displayed]]>
    </line>
    <line>
      <![CDATA[computers page is displayed with expected :Computers is matched with Actual value : Computers]]>
    </line>
    <line>
      <![CDATA[Clicking Desktop from Demo WebShop]]>
    </line>
    <line>
      <![CDATA[Select the Dropdown orderBy]]>
    </line>
    <line>
      <![CDATA[Select the Dropdown Display]]>
    </line>
    <line>
      <![CDATA[Select Simple Computer]]>
    </line>
    <line>
      <![CDATA[Entered The Quantityr]]>
    </line>
    <line>
      <![CDATA[Add to Cart first]]>
    </line>
    <line>
      <![CDATA[Close the Error]]>
    </line>
    <line>
      <![CDATA[Select the Processor]]>
    </line>
    <line>
      <![CDATA[Add to cart second]]>
    </line>
    <line>
      <![CDATA[Selecting Jewelry from demo webshop]]>
    </line>
    <line>
      <![CDATA[Verifying the Jewelry page is displayed]]>
    </line>
    <line>
      <![CDATA[Jewelry page is displayed with expected :Jewelry is matched with Actual value : Jewelry]]>
    </line>
    <line>
      <![CDATA[Selecting Dropdown orderBy]]>
    </line>
    <line>
      <![CDATA[Selecting Dropdown List]]>
    </line>
    <line>
      <![CDATA[Add to the Cart first]]>
    </line>
    <line>
      <![CDATA[Entered cm for Jewelry]]>
    </line>
    <line>
      <![CDATA[Add to the Cart second]]>
    </line>
    <line>
      <![CDATA[Cliking gift Cards]]>
    </line>
    <line>
      <![CDATA[Verifying the Gift card page is displayed]]>
    </line>
    <line>
      <![CDATA[Gift card page is displayed with expected :Gift Cards is matched with Actual value : Gift Cards]]>
    </line>
    <line>
      <![CDATA[Select The Dropdown of OrderBy]]>
    </line>
    <line>
      <![CDATA[Select The Dropdown of Display]]>
    </line>
    <line>
      <![CDATA[Clicking Virtual gift card]]>
    </line>
    <line>
      <![CDATA[Adding the Quantity]]>
    </line>
    <line>
      <![CDATA[Clicking Add to cart first]]>
    </line>
    <line>
      <![CDATA[Close the error]]>
    </line>
    <line>
      <![CDATA[Enter the Recipient Name]]>
    </line>
    <line>
      <![CDATA[Enter the Recipient Email]]>
    </line>
    <line>
      <![CDATA[Add to the Cart second]]>
    </line>
    <line>
      <![CDATA[Clicking Shipping cart]]>
    </line>
    <line>
      <![CDATA[<a href='C:\Users\sys4\Downloads\Selenium_Demoweb_Shop\DemoWebShopTC007_SelectShippingCart_From_DemoWebShop18_06_2020_10_13_53.jpeg'> <img src='C:\Users\sys4\Downloads\Selenium_Demoweb_Shop\DemoWebShopTC007_SelectShippingCart_From_DemoWebShop18_06_2020_10_13_53.jpeg' height='100' width='100'/></a>]]>
    </line>
  </reporter-output>
  <suite name="Default suite" duration-ms="70434" started-at="2020-06-18T22:12:43 IST" finished-at="2020-06-18T22:13:53 IST">
    <groups>
    </groups>
    <test name="Default test" duration-ms="70434" started-at="2020-06-18T22:12:43 IST" finished-at="2020-06-18T22:13:53 IST">
      <class name="com.demoworkshop.qa.Test.DemoWorkShop_End_To_End">
        <test-method status="PASS" signature="beforeSuite()[pri:0, instance:com.demoworkshop.qa.Test.DemoWorkShop_End_To_End@1e9e725a]" name="beforeSuite" is-config="true" duration-ms="7178" started-at="2020-06-18T22:12:36 IST" finished-at="2020-06-18T22:12:43 IST">
          <reporter-output>
          </reporter-output>
        </test-method> <!-- beforeSuite -->
        <test-method status="PASS" signature="beforeTest()[pri:0, instance:com.demoworkshop.qa.Test.DemoWorkShop_End_To_End@1e9e725a]" name="beforeTest" is-config="true" duration-ms="1" started-at="2020-06-18T22:12:43 IST" finished-at="2020-06-18T22:12:43 IST">
          <reporter-output>
          </reporter-output>
        </test-method> <!-- beforeTest -->
        <test-method status="PASS" signature="beforeClass()[pri:0, instance:com.demoworkshop.qa.Test.DemoWorkShop_End_To_End@1e9e725a]" name="beforeClass" is-config="true" duration-ms="5" started-at="2020-06-18T22:12:43 IST" finished-at="2020-06-18T22:12:43 IST">
          <reporter-output>
          </reporter-output>
        </test-method> <!-- beforeClass -->
        <test-method status="PASS" signature="beforeMethod()[pri:0, instance:com.demoworkshop.qa.Test.DemoWorkShop_End_To_End@1e9e725a]" name="beforeMethod" is-config="true" duration-ms="1" started-at="2020-06-18T22:12:43 IST" finished-at="2020-06-18T22:12:43 IST">
          <reporter-output>
          </reporter-output>
        </test-method> <!-- beforeMethod -->
        <test-method status="PASS" signature="TC001_LoginToDemoWebshop()[pri:1, instance:com.demoworkshop.qa.Test.DemoWorkShop_End_To_End@1e9e725a]" name="TC001_LoginToDemoWebshop" duration-ms="1232" started-at="2020-06-18T22:12:43 IST" finished-at="2020-06-18T22:12:44 IST">
          <reporter-output>
            <line>
              <![CDATA[Click on login page]]>
            </line>
            <line>
              <![CDATA[Entered email]]>
            </line>
            <line>
              <![CDATA[Entered password]]>
            </line>
          </reporter-output>
        </test-method> <!-- TC001_LoginToDemoWebshop -->
        <test-method status="PASS" signature="afterMethod()[pri:0, instance:com.demoworkshop.qa.Test.DemoWorkShop_End_To_End@1e9e725a]" name="afterMethod" is-config="true" duration-ms="1" started-at="2020-06-18T22:12:44 IST" finished-at="2020-06-18T22:12:44 IST">
          <reporter-output>
          </reporter-output>
        </test-method> <!-- afterMethod -->
        <test-method status="PASS" signature="getResult(org.testng.ITestResult)[pri:0, instance:com.demoworkshop.qa.Test.DemoWorkShop_End_To_End@1e9e725a]" name="getResult" is-config="true" duration-ms="648" started-at="2020-06-18T22:12:44 IST" finished-at="2020-06-18T22:12:45 IST">
          <params>
            <param index="0">
              <value>
                <![CDATA[[TestResult name=TC001_LoginToDemoWebshop status=SUCCESS method=DemoWorkShop_End_To_End.TC001_LoginToDemoWebshop()[pri:1, instance:com.demoworkshop.qa.Test.DemoWorkShop_End_To_End@1e9e725a] output=Click on login page]]]>
              </value>
            </param>
          </params>
          <reporter-output>
          </reporter-output>
        </test-method> <!-- getResult -->
        <test-method status="PASS" signature="beforeMethod()[pri:0, instance:com.demoworkshop.qa.Test.DemoWorkShop_End_To_End@1e9e725a]" name="beforeMethod" is-config="true" duration-ms="0" started-at="2020-06-18T22:12:45 IST" finished-at="2020-06-18T22:12:45 IST">
          <reporter-output>
          </reporter-output>
        </test-method> <!-- beforeMethod -->
        <test-method status="PASS" signature="TC002_Verify_Demowebshop_Homepage_IsDisplayed()[pri:2, instance:com.demoworkshop.qa.Test.DemoWorkShop_End_To_End@1e9e725a]" name="TC002_Verify_Demowebshop_Homepage_IsDisplayed" duration-ms="230" started-at="2020-06-18T22:12:45 IST" finished-at="2020-06-18T22:12:45 IST">
          <reporter-output>
            <line>
              <![CDATA[Verifying the home page is displayed]]>
            </line>
            <line>
              <![CDATA[Home page is displayed with expected :Tricentis Demo Web Shop is matched with Actual value : Tricentis Demo Web Shop]]>
            </line>
          </reporter-output>
        </test-method> <!-- TC002_Verify_Demowebshop_Homepage_IsDisplayed -->
        <test-method status="PASS" signature="afterMethod()[pri:0, instance:com.demoworkshop.qa.Test.DemoWorkShop_End_To_End@1e9e725a]" name="afterMethod" is-config="true" duration-ms="1" started-at="2020-06-18T22:12:45 IST" finished-at="2020-06-18T22:12:45 IST">
          <reporter-output>
          </reporter-output>
        </test-method> <!-- afterMethod -->
        <test-method status="PASS" signature="getResult(org.testng.ITestResult)[pri:0, instance:com.demoworkshop.qa.Test.DemoWorkShop_End_To_End@1e9e725a]" name="getResult" is-config="true" duration-ms="76" started-at="2020-06-18T22:12:45 IST" finished-at="2020-06-18T22:12:45 IST">
          <params>
            <param index="0">
              <value>
                <![CDATA[[TestResult name=TC002_Verify_Demowebshop_Homepage_IsDisplayed status=SUCCESS method=DemoWorkShop_End_To_End.TC002_Verify_Demowebshop_Homepage_IsDisplayed()[pri:2, instance:com.demoworkshop.qa.Test.DemoWorkShop_End_To_End@1e9e725a] output=Verifying the home page is displayed]]]>
              </value>
            </param>
          </params>
          <reporter-output>
          </reporter-output>
        </test-method> <!-- getResult -->
        <test-method status="PASS" signature="beforeMethod()[pri:0, instance:com.demoworkshop.qa.Test.DemoWorkShop_End_To_End@1e9e725a]" name="beforeMethod" is-config="true" duration-ms="1" started-at="2020-06-18T22:12:45 IST" finished-at="2020-06-18T22:12:45 IST">
          <reporter-output>
          </reporter-output>
        </test-method> <!-- beforeMethod -->
        <test-method status="PASS" signature="TC003_SelectBooks_From_BooksPage()[pri:3, instance:com.demoworkshop.qa.Test.DemoWorkShop_End_To_End@1e9e725a]" name="TC003_SelectBooks_From_BooksPage" duration-ms="4059" started-at="2020-06-18T22:12:45 IST" finished-at="2020-06-18T22:12:49 IST">
          <reporter-output>
            <line>
              <![CDATA[clicking Books on Demo Web shop]]>
            </line>
            <line>
              <![CDATA[Verifying the Books page is displayed]]>
            </line>
            <line>
              <![CDATA[Books page is displayed with expected :Books is matched with Actual value : Books]]>
            </line>
            <line>
              <![CDATA[Selection of value from drop down]]>
            </line>
            <line>
              <![CDATA[Selection of value from drop down]]>
            </line>
            <line>
              <![CDATA[Select the picture of health book]]>
            </line>
            <line>
              <![CDATA[Enter the Quantity]]>
            </line>
            <line>
              <![CDATA[Click on Add to Cart Button]]>
            </line>
          </reporter-output>
        </test-method> <!-- TC003_SelectBooks_From_BooksPage -->
        <test-method status="PASS" signature="afterMethod()[pri:0, instance:com.demoworkshop.qa.Test.DemoWorkShop_End_To_End@1e9e725a]" name="afterMethod" is-config="true" duration-ms="0" started-at="2020-06-18T22:12:49 IST" finished-at="2020-06-18T22:12:49 IST">
          <reporter-output>
          </reporter-output>
        </test-method> <!-- afterMethod -->
        <test-method status="PASS" signature="getResult(org.testng.ITestResult)[pri:0, instance:com.demoworkshop.qa.Test.DemoWorkShop_End_To_End@1e9e725a]" name="getResult" is-config="true" duration-ms="47" started-at="2020-06-18T22:12:49 IST" finished-at="2020-06-18T22:12:49 IST">
          <params>
            <param index="0">
              <value>
                <![CDATA[[TestResult name=TC003_SelectBooks_From_BooksPage status=SUCCESS method=DemoWorkShop_End_To_End.TC003_SelectBooks_From_BooksPage()[pri:3, instance:com.demoworkshop.qa.Test.DemoWorkShop_End_To_End@1e9e725a] output=clicking Books on Demo Web shop]]]>
              </value>
            </param>
          </params>
          <reporter-output>
          </reporter-output>
        </test-method> <!-- getResult -->
        <test-method status="PASS" signature="beforeMethod()[pri:0, instance:com.demoworkshop.qa.Test.DemoWorkShop_End_To_End@1e9e725a]" name="beforeMethod" is-config="true" duration-ms="1" started-at="2020-06-18T22:12:49 IST" finished-at="2020-06-18T22:12:49 IST">
          <reporter-output>
          </reporter-output>
        </test-method> <!-- beforeMethod -->
        <test-method status="PASS" signature="TC004_SelectDesktops_From_ComputersPage()[pri:4, instance:com.demoworkshop.qa.Test.DemoWorkShop_End_To_End@1e9e725a]" name="TC004_SelectDesktops_From_ComputersPage" duration-ms="8246" started-at="2020-06-18T22:12:49 IST" finished-at="2020-06-18T22:12:57 IST">
          <reporter-output>
            <line>
              <![CDATA[Verifying the computers page is displayed]]>
            </line>
            <line>
              <![CDATA[computers page is displayed with expected :Computers is matched with Actual value : Computers]]>
            </line>
            <line>
              <![CDATA[Clicking Desktop from Demo WebShop]]>
            </line>
            <line>
              <![CDATA[Select the Dropdown orderBy]]>
            </line>
            <line>
              <![CDATA[Select the Dropdown Display]]>
            </line>
            <line>
              <![CDATA[Select Simple Computer]]>
            </line>
            <line>
              <![CDATA[Entered The Quantityr]]>
            </line>
            <line>
              <![CDATA[Add to Cart first]]>
            </line>
            <line>
              <![CDATA[Close the Error]]>
            </line>
            <line>
              <![CDATA[Select the Processor]]>
            </line>
            <line>
              <![CDATA[Add to cart second]]>
            </line>
          </reporter-output>
        </test-method> <!-- TC004_SelectDesktops_From_ComputersPage -->
        <test-method status="PASS" signature="getResult(org.testng.ITestResult)[pri:0, instance:com.demoworkshop.qa.Test.DemoWorkShop_End_To_End@1e9e725a]" name="getResult" is-config="true" duration-ms="79" started-at="2020-06-18T22:12:57 IST" finished-at="2020-06-18T22:12:57 IST">
          <params>
            <param index="0">
              <value>
                <![CDATA[[TestResult name=TC004_SelectDesktops_From_ComputersPage status=SUCCESS method=DemoWorkShop_End_To_End.TC004_SelectDesktops_From_ComputersPage()[pri:4, instance:com.demoworkshop.qa.Test.DemoWorkShop_End_To_End@1e9e725a] output=Verifying the computers page is displayed]]]>
              </value>
            </param>
          </params>
          <reporter-output>
          </reporter-output>
        </test-method> <!-- getResult -->
        <test-method status="PASS" signature="afterMethod()[pri:0, instance:com.demoworkshop.qa.Test.DemoWorkShop_End_To_End@1e9e725a]" name="afterMethod" is-config="true" duration-ms="0" started-at="2020-06-18T22:12:57 IST" finished-at="2020-06-18T22:12:57 IST">
          <reporter-output>
          </reporter-output>
        </test-method> <!-- afterMethod -->
        <test-method status="PASS" signature="beforeMethod()[pri:0, instance:com.demoworkshop.qa.Test.DemoWorkShop_End_To_End@1e9e725a]" name="beforeMethod" is-config="true" duration-ms="1" started-at="2020-06-18T22:12:57 IST" finished-at="2020-06-18T22:12:57 IST">
          <reporter-output>
          </reporter-output>
        </test-method> <!-- beforeMethod -->
        <test-method status="PASS" signature="TC005_SelectJewelry_From_JewelryPage()[pri:5, instance:com.demoworkshop.qa.Test.DemoWorkShop_End_To_End@1e9e725a]" name="TC005_SelectJewelry_From_JewelryPage" duration-ms="4645" started-at="2020-06-18T22:12:57 IST" finished-at="2020-06-18T22:13:02 IST">
          <reporter-output>
            <line>
              <![CDATA[Selecting Jewelry from demo webshop]]>
            </line>
            <line>
              <![CDATA[Verifying the Jewelry page is displayed]]>
            </line>
            <line>
              <![CDATA[Jewelry page is displayed with expected :Jewelry is matched with Actual value : Jewelry]]>
            </line>
            <line>
              <![CDATA[Selecting Dropdown orderBy]]>
            </line>
            <line>
              <![CDATA[Selecting Dropdown List]]>
            </line>
            <line>
              <![CDATA[Add to the Cart first]]>
            </line>
            <line>
              <![CDATA[Entered cm for Jewelry]]>
            </line>
            <line>
              <![CDATA[Add to the Cart second]]>
            </line>
          </reporter-output>
        </test-method> <!-- TC005_SelectJewelry_From_JewelryPage -->
        <test-method status="PASS" signature="afterMethod()[pri:0, instance:com.demoworkshop.qa.Test.DemoWorkShop_End_To_End@1e9e725a]" name="afterMethod" is-config="true" duration-ms="0" started-at="2020-06-18T22:13:02 IST" finished-at="2020-06-18T22:13:02 IST">
          <reporter-output>
          </reporter-output>
        </test-method> <!-- afterMethod -->
        <test-method status="PASS" signature="getResult(org.testng.ITestResult)[pri:0, instance:com.demoworkshop.qa.Test.DemoWorkShop_End_To_End@1e9e725a]" name="getResult" is-config="true" duration-ms="61" started-at="2020-06-18T22:13:02 IST" finished-at="2020-06-18T22:13:02 IST">
          <params>
            <param index="0">
              <value>
                <![CDATA[[TestResult name=TC005_SelectJewelry_From_JewelryPage status=SUCCESS method=DemoWorkShop_End_To_End.TC005_SelectJewelry_From_JewelryPage()[pri:5, instance:com.demoworkshop.qa.Test.DemoWorkShop_End_To_End@1e9e725a] output=Selecting Jewelry from demo webshop]]]>
              </value>
            </param>
          </params>
          <reporter-output>
          </reporter-output>
        </test-method> <!-- getResult -->
        <test-method status="PASS" signature="beforeMethod()[pri:0, instance:com.demoworkshop.qa.Test.DemoWorkShop_End_To_End@1e9e725a]" name="beforeMethod" is-config="true" duration-ms="0" started-at="2020-06-18T22:13:02 IST" finished-at="2020-06-18T22:13:02 IST">
          <reporter-output>
          </reporter-output>
        </test-method> <!-- beforeMethod -->
        <test-method status="PASS" signature="TC006_SelectGiftCard_From_GiftCardPage()[pri:6, instance:com.demoworkshop.qa.Test.DemoWorkShop_End_To_End@1e9e725a]" name="TC006_SelectGiftCard_From_GiftCardPage" duration-ms="9183" started-at="2020-06-18T22:13:02 IST" finished-at="2020-06-18T22:13:11 IST">
          <reporter-output>
            <line>
              <![CDATA[Cliking gift Cards]]>
            </line>
            <line>
              <![CDATA[Verifying the Gift card page is displayed]]>
            </line>
            <line>
              <![CDATA[Gift card page is displayed with expected :Gift Cards is matched with Actual value : Gift Cards]]>
            </line>
            <line>
              <![CDATA[Select The Dropdown of OrderBy]]>
            </line>
            <line>
              <![CDATA[Select The Dropdown of Display]]>
            </line>
            <line>
              <![CDATA[Clicking Virtual gift card]]>
            </line>
            <line>
              <![CDATA[Adding the Quantity]]>
            </line>
            <line>
              <![CDATA[Clicking Add to cart first]]>
            </line>
            <line>
              <![CDATA[Close the error]]>
            </line>
            <line>
              <![CDATA[Enter the Recipient Name]]>
            </line>
            <line>
              <![CDATA[Enter the Recipient Email]]>
            </line>
            <line>
              <![CDATA[Add to the Cart second]]>
            </line>
          </reporter-output>
        </test-method> <!-- TC006_SelectGiftCard_From_GiftCardPage -->
        <test-method status="PASS" signature="afterMethod()[pri:0, instance:com.demoworkshop.qa.Test.DemoWorkShop_End_To_End@1e9e725a]" name="afterMethod" is-config="true" duration-ms="1" started-at="2020-06-18T22:13:11 IST" finished-at="2020-06-18T22:13:11 IST">
          <reporter-output>
          </reporter-output>
        </test-method> <!-- afterMethod -->
        <test-method status="PASS" signature="getResult(org.testng.ITestResult)[pri:0, instance:com.demoworkshop.qa.Test.DemoWorkShop_End_To_End@1e9e725a]" name="getResult" is-config="true" duration-ms="56" started-at="2020-06-18T22:13:11 IST" finished-at="2020-06-18T22:13:11 IST">
          <params>
            <param index="0">
              <value>
                <![CDATA[[TestResult name=TC006_SelectGiftCard_From_GiftCardPage status=SUCCESS method=DemoWorkShop_End_To_End.TC006_SelectGiftCard_From_GiftCardPage()[pri:6, instance:com.demoworkshop.qa.Test.DemoWorkShop_End_To_End@1e9e725a] output=Cliking gift Cards]]]>
              </value>
            </param>
          </params>
          <reporter-output>
          </reporter-output>
        </test-method> <!-- getResult -->
        <test-method status="FAIL" signature="TC007_SelectShippingCart_From_DemoWebShop()[pri:7, instance:com.demoworkshop.qa.Test.DemoWorkShop_End_To_End@1e9e725a]" name="TC007_SelectShippingCart_From_DemoWebShop" duration-ms="41142" started-at="2020-06-18T22:13:11 IST" finished-at="2020-06-18T22:13:52 IST">
          <exception class="org.openqa.selenium.TimeoutException">
            <message>
              <![CDATA[Expected condition failed: waiting for element to be clickable: Proxy element for: DefaultElementLocator 'By.xpath: //input[@id='termsofservice']' (tried for 20 second(s) with 500 milliseconds interval)]]>
            </message>
            <full-stacktrace>
              <![CDATA[org.openqa.selenium.TimeoutException: Expected condition failed: waiting for element to be clickable: Proxy element for: DefaultElementLocator 'By.xpath: //input[@id='termsofservice']' (tried for 20 second(s) with 500 milliseconds interval)
at org.openqa.selenium.support.ui.WebDriverWait.timeoutException(WebDriverWait.java:95)
at org.openqa.selenium.support.ui.FluentWait.until(FluentWait.java:272)
at com.demoworkshop.qa.TestBase.waitForElement(TestBase.java:244)
at com.demoworkshop.qa.pages.DemoWorkShop_ShoppingCart.Clicking_Shopping_Cart(DemoWorkShop_ShoppingCart.java:68)
at com.demoworkshop.qa.Test.DemoWorkShop_End_To_End.TC007_SelectShippingCart_From_DemoWebShop(DemoWorkShop_End_To_End.java:122)
at sun.reflect.NativeMethodAccessorImpl.invoke0(Native Method)
at sun.reflect.NativeMethodAccessorImpl.invoke(NativeMethodAccessorImpl.java:62)
at sun.reflect.DelegatingMethodAccessorImpl.invoke(DelegatingMethodAccessorImpl.java:43)
at java.lang.reflect.Method.invoke(Method.java:498)
at org.testng.internal.MethodInvocationHelper.invokeMethod(MethodInvocationHelper.java:135)
at org.testng.internal.TestInvoker.invokeMethod(TestInvoker.java:598)
at org.testng.internal.TestInvoker.invokeTestMethod(TestInvoker.java:174)
at org.testng.internal.MethodRunner.runInSequence(MethodRunner.java:46)
at org.testng.internal.TestInvoker$MethodInvocationAgent.invoke(TestInvoker.java:821)
at org.testng.internal.TestInvoker.invokeTestMethods(TestInvoker.java:147)
at org.testng.internal.TestMethodWorker.invokeTestMethods(TestMethodWorker.java:146)
at org.testng.internal.TestMethodWorker.run(TestMethodWorker.java:128)
at java.util.ArrayList.forEach(ArrayList.java:1257)
at org.testng.TestRunner.privateRun(TestRunner.java:767)
at org.testng.TestRunner.run(TestRunner.java:588)
at org.testng.SuiteRunner.runTest(SuiteRunner.java:384)
at org.testng.SuiteRunner.runSequentially(SuiteRunner.java:378)
at org.testng.SuiteRunner.privateRun(SuiteRunner.java:337)
at org.testng.SuiteRunner.run(SuiteRunner.java:286)
at org.testng.SuiteRunnerWorker.runSuite(SuiteRunnerWorker.java:53)
at org.testng.SuiteRunnerWorker.run(SuiteRunnerWorker.java:96)
at org.testng.TestNG.runSuitesSequentially(TestNG.java:1214)
at org.testng.TestNG.runSuitesLocally(TestNG.java:1136)
at org.testng.TestNG.runSuites(TestNG.java:1066)
at org.testng.TestNG.run(TestNG.java:1034)
at org.testng.remote.AbstractRemoteTestNG.run(AbstractRemoteTestNG.java:115)
at org.testng.remote.RemoteTestNG.initAndRun(RemoteTestNG.java:251)
at org.testng.remote.RemoteTestNG.main(RemoteTestNG.java:77)
Caused by: org.openqa.selenium.NoSuchElementException: no such element: Unable to locate element: {"method":"xpath","selector":"//input[@id='termsofservice']"}
  (Session info: chrome=83.0.4103.106)
For documentation on this error, please visit: https://www.seleniumhq.org/exceptions/no_such_element.html
Build info: version: '3.141.59', revision: 'e82be7d358', time: '2018-11-14T08:17:03'
System info: host: 'DESKTOP-LMLOJ2T', ip: '192.168.1.3', os.name: 'Windows 10', os.arch: 'amd64', os.version: '10.0', java.version: '1.8.0_251'
Driver info: org.openqa.selenium.chrome.ChromeDriver
Capabilities {acceptInsecureCerts: false, browserName: chrome, browserVersion: 83.0.4103.106, chrome: {chromedriverVersion: 83.0.4103.39 (ccbf011cb2d2b..., userDataDir: C:\Users\sys4\AppData\Local...}, goog:chromeOptions: {debuggerAddress: localhost:54382}, javascriptEnabled: true, networkConnectionEnabled: false, pageLoadStrategy: none, platform: WINDOWS, platformName: WINDOWS, proxy: Proxy(), setWindowRect: true, strictFileInteractability: false, timeouts: {implicit: 0, pageLoad: 300000, script: 30000}, unhandledPromptBehavior: dismiss and notify, webauthn:virtualAuthenticators: true}
Session ID: ccf9717768a728205d4ef34c3842642c
*** Element info: {Using=xpath, value=//input[@id='termsofservice']}
at sun.reflect.NativeConstructorAccessorImpl.newInstance0(Native Method)
at sun.reflect.NativeConstructorAccessorImpl.newInstance(NativeConstructorAccessorImpl.java:62)
at sun.reflect.DelegatingConstructorAccessorImpl.newInstance(DelegatingConstructorAccessorImpl.java:45)
at java.lang.reflect.Constructor.newInstance(Constructor.java:423)
at org.openqa.selenium.remote.http.W3CHttpResponseCodec.createException(W3CHttpResponseCodec.java:187)
at org.openqa.selenium.remote.http.W3CHttpResponseCodec.decode(W3CHttpResponseCodec.java:122)
at org.openqa.selenium.remote.http.W3CHttpResponseCodec.decode(W3CHttpResponseCodec.java:49)
at org.openqa.selenium.remote.HttpCommandExecutor.execute(HttpCommandExecutor.java:158)
at org.openqa.selenium.remote.service.DriverCommandExecutor.execute(DriverCommandExecutor.java:83)
at org.openqa.selenium.remote.RemoteWebDriver.execute(RemoteWebDriver.java:552)
at org.openqa.selenium.remote.RemoteWebDriver.findElement(RemoteWebDriver.java:323)
at org.openqa.selenium.remote.RemoteWebDriver.findElementByXPath(RemoteWebDriver.java:428)
at org.openqa.selenium.By$ByXPath.findElement(By.java:353)
at org.openqa.selenium.remote.RemoteWebDriver.findElement(RemoteWebDriver.java:315)
at sun.reflect.GeneratedMethodAccessor10.invoke(Unknown Source)
at sun.reflect.DelegatingMethodAccessorImpl.invoke(DelegatingMethodAccessorImpl.java:43)
at java.lang.reflect.Method.invoke(Method.java:498)
at org.openqa.selenium.support.events.EventFiringWebDriver.lambda$new$1(EventFiringWebDriver.java:105)
at com.sun.proxy.$Proxy13.findElement(Unknown Source)
at org.openqa.selenium.support.events.EventFiringWebDriver.findElement(EventFiringWebDriver.java:194)
at org.openqa.selenium.support.pagefactory.DefaultElementLocator.findElement(DefaultElementLocator.java:69)
at org.openqa.selenium.support.pagefactory.internal.LocatingElementHandler.invoke(LocatingElementHandler.java:38)
at com.sun.proxy.$Proxy17.isDisplayed(Unknown Source)
at org.openqa.selenium.support.ui.ExpectedConditions.elementIfVisible(ExpectedConditions.java:314)
at org.openqa.selenium.support.ui.ExpectedConditions.access$000(ExpectedConditions.java:43)
at org.openqa.selenium.support.ui.ExpectedConditions$10.apply(ExpectedConditions.java:300)
at org.openqa.selenium.support.ui.ExpectedConditions$10.apply(ExpectedConditions.java:297)
at org.openqa.selenium.support.ui.ExpectedConditions$23.apply(ExpectedConditions.java:670)
at org.openqa.selenium.support.ui.ExpectedConditions$23.apply(ExpectedConditions.java:666)
at org.openqa.selenium.support.ui.FluentWait.until(FluentWait.java:249)
... 31 more
]]>
            </full-stacktrace>
          </exception> <!-- org.openqa.selenium.TimeoutException -->
          <reporter-output>
            <line>
              <![CDATA[Clicking Shipping cart]]>
            </line>
          </reporter-output>
        </test-method> <!-- TC007_SelectShippingCart_From_DemoWebShop -->
        <test-method status="PASS" signature="beforeMethod()[pri:0, instance:com.demoworkshop.qa.Test.DemoWorkShop_End_To_End@1e9e725a]" name="beforeMethod" is-config="true" duration-ms="0" started-at="2020-06-18T22:13:11 IST" finished-at="2020-06-18T22:13:11 IST">
          <reporter-output>
          </reporter-output>
        </test-method> <!-- beforeMethod -->
        <test-method status="PASS" signature="afterMethod()[pri:0, instance:com.demoworkshop.qa.Test.DemoWorkShop_End_To_End@1e9e725a]" name="afterMethod" is-config="true" duration-ms="1" started-at="2020-06-18T22:13:53 IST" finished-at="2020-06-18T22:13:53 IST">
          <reporter-output>
          </reporter-output>
        </test-method> <!-- afterMethod -->
        <test-method status="PASS" signature="getResult(org.testng.ITestResult)[pri:0, instance:com.demoworkshop.qa.Test.DemoWorkShop_End_To_End@1e9e725a]" name="getResult" is-config="true" duration-ms="372" started-at="2020-06-18T22:13:53 IST" finished-at="2020-06-18T22:13:53 IST">
          <params>
            <param index="0">
              <value>
                <![CDATA[[TestResult name=TC007_SelectShippingCart_From_DemoWebShop status=FAILURE method=DemoWorkShop_End_To_End.TC007_SelectShippingCart_From_DemoWebShop()[pri:7, instance:com.demoworkshop.qa.Test.DemoWorkShop_End_To_End@1e9e725a] output=Clicking Shipping cart]]]>
              </value>
            </param>
          </params>
          <reporter-output>
            <line>
              <![CDATA[<a href='C:\Users\sys4\Downloads\Selenium_Demoweb_Shop\DemoWebShopTC007_SelectShippingCart_From_DemoWebShop18_06_2020_10_13_53.jpeg'> <img src='C:\Users\sys4\Downloads\Selenium_Demoweb_Shop\DemoWebShopTC007_SelectShippingCart_From_DemoWebShop18_06_2020_10_13_53.jpeg' height='100' width='100'/></a>]]>
            </line>
          </reporter-output>
        </test-method> <!-- getResult -->
        <test-method status="PASS" signature="beforeMethod()[pri:0, instance:com.demoworkshop.qa.Test.DemoWorkShop_End_To_End@1e9e725a]" name="beforeMethod" is-config="true" duration-ms="0" started-at="2020-06-18T22:13:53 IST" finished-at="2020-06-18T22:13:53 IST">
          <reporter-output>
          </reporter-output>
        </test-method> <!-- beforeMethod -->
        <test-method status="PASS" signature="TC008_Select_Orders_From_DemoWebShop()[pri:8, instance:com.demoworkshop.qa.Test.DemoWorkShop_End_To_End@1e9e725a]" name="TC008_Select_Orders_From_DemoWebShop" duration-ms="139" started-at="2020-06-18T22:13:53 IST" finished-at="2020-06-18T22:13:53 IST">
          <reporter-output>
          </reporter-output>
        </test-method> <!-- TC008_Select_Orders_From_DemoWebShop -->
        <test-method status="PASS" signature="afterMethod()[pri:0, instance:com.demoworkshop.qa.Test.DemoWorkShop_End_To_End@1e9e725a]" name="afterMethod" is-config="true" duration-ms="1" started-at="2020-06-18T22:13:53 IST" finished-at="2020-06-18T22:13:53 IST">
          <reporter-output>
          </reporter-output>
        </test-method> <!-- afterMethod -->
        <test-method status="PASS" signature="getResult(org.testng.ITestResult)[pri:0, instance:com.demoworkshop.qa.Test.DemoWorkShop_End_To_End@1e9e725a]" name="getResult" is-config="true" duration-ms="53" started-at="2020-06-18T22:13:53 IST" finished-at="2020-06-18T22:13:53 IST">
          <params>
            <param index="0">
              <value>
                <![CDATA[[TestResult name=TC008_Select_Orders_From_DemoWebShop status=SUCCESS method=DemoWorkShop_End_To_End.TC008_Select_Orders_From_DemoWebShop()[pri:8, instance:com.demoworkshop.qa.Test.DemoWorkShop_End_To_End@1e9e725a] output={null}]]]>
              </value>
            </param>
          </params>
          <reporter-output>
          </reporter-output>
        </test-method> <!-- getResult -->
        <test-method status="PASS" signature="AfterClass()[pri:0, instance:com.demoworkshop.qa.Test.DemoWorkShop_End_To_End@1e9e725a]" name="AfterClass" is-config="true" duration-ms="57" started-at="2020-06-18T22:13:53 IST" finished-at="2020-06-18T22:13:53 IST">
          <reporter-output>
          </reporter-output>
        </test-method> <!-- AfterClass -->
        <test-method status="PASS" signature="afterTest()[pri:0, instance:com.demoworkshop.qa.Test.DemoWorkShop_End_To_End@1e9e725a]" name="afterTest" is-config="true" duration-ms="0" started-at="2020-06-18T22:13:53 IST" finished-at="2020-06-18T22:13:53 IST">
          <reporter-output>
          </reporter-output>
        </test-method> <!-- afterTest -->
        <test-method status="PASS" signature="afterSuite()[pri:0, instance:com.demoworkshop.qa.Test.DemoWorkShop_End_To_End@1e9e725a]" name="afterSuite" is-config="true" duration-ms="896" started-at="2020-06-18T22:13:53 IST" finished-at="2020-06-18T22:13:54 IST">
          <reporter-output>
          </reporter-output>
        </test-method> <!-- afterSuite -->
      </class> <!-- com.demoworkshop.qa.Test.DemoWorkShop_End_To_End -->
    </test> <!-- Default test -->
  </suite> <!-- Default suite -->
</testng-results>
