<?xml version="1.0" encoding="UTF-8"?>
<!-- Generated by org.testng.reporters.JUnitReportReporter -->
<testsuite skipped="0" hostname="DESKTOP-LMLOJ2T" name="com.demoworkshop.qa.Test.DemoWorkShop_End_To_End" tests="8" failures="0" timestamp="2020-06-18T22:13:54 IST" time="70.277" errors="1">
  <testcase name="TC001_LoginToDemoWebshop" time="1.279" classname="com.demoworkshop.qa.Test.DemoWorkShop_End_To_End"/>
  <system-out>
Click on login page Entered email Entered password  </system-out>
  <testcase name="TC002_Verify_Demowebshop_Homepage_IsDisplayed" time="0.878" classname="com.demoworkshop.qa.Test.DemoWorkShop_End_To_End"/>
  <system-out>
Verifying the home page is displayed Home page is displayed with expected :Tricentis Demo Web Shop is matched with Actual value : Tricentis Demo Web Shop  </system-out>
  <testcase name="TC003_SelectBooks_From_BooksPage" time="4.121" classname="com.demoworkshop.qa.Test.DemoWorkShop_End_To_End"/>
  <system-out>
clicking Books on Demo Web shop Verifying the Books page is displayed Books page is displayed with expected :Books is matched with Actual value : Books Selection of value from drop down Selection of value from drop down Select the picture of health book Enter the Quantity Click on Add to Cart Button  </system-out>
  <testcase name="TC004_SelectDesktops_From_ComputersPage" time="8.327" classname="com.demoworkshop.qa.Test.DemoWorkShop_End_To_End"/>
  <system-out>
Verifying the computers page is displayed computers page is displayed with expected :Computers is matched with Actual value : Computers Clicking Desktop from Demo WebShop Select the Dropdown orderBy Select the Dropdown Display Select Simple Computer Entered The Quantityr Add to Cart first Close the Error Select the Processor Add to cart second  </system-out>
  <testcase name="TC005_SelectJewelry_From_JewelryPage" time="4.699" classname="com.demoworkshop.qa.Test.DemoWorkShop_End_To_End"/>
  <system-out>
Selecting Jewelry from demo webshop Verifying the Jewelry page is displayed Jewelry page is displayed with expected :Jewelry is matched with Actual value : Jewelry Selecting Dropdown orderBy Selecting Dropdown List Add to the Cart first Entered cm for Jewelry Add to the Cart second  </system-out>
  <testcase name="TC006_SelectGiftCard_From_GiftCardPage" time="9.240" classname="com.demoworkshop.qa.Test.DemoWorkShop_End_To_End"/>
  <system-out>
Cliking gift Cards Verifying the Gift card page is displayed Gift card page is displayed with expected :Gift Cards is matched with Actual value : Gift Cards Select The Dropdown of OrderBy Select The Dropdown of Display Clicking Virtual gift card Adding the Quantity Clicking Add to cart first Close the error Enter the Recipient Name Enter the Recipient Email Add to the Cart second  </system-out>
  <testcase name="TC007_SelectShippingCart_From_DemoWebShop" time="41.516" classname="com.demoworkshop.qa.Test.DemoWorkShop_End_To_End">
    <error type="org.openqa.selenium.TimeoutException" message="Expected condition failed: waiting for element to be clickable: Proxy element for: DefaultElementLocator &#039;By.xpath: //input[@id=&#039;termsofservice&#039;]&#039; (tried for 20 second(s) with 500 milliseconds interval)">
      <![CDATA[org.openqa.selenium.TimeoutException: Expected condition failed: waiting for element to be clickable: Proxy element for: DefaultElementLocator 'By.xpath: //input[@id='termsofservice']' (tried for 20 second(s) with 500 milliseconds interval)
at org.openqa.selenium.support.ui.WebDriverWait.timeoutException(WebDriverWait.java:95)
at org.openqa.selenium.support.ui.FluentWait.until(FluentWait.java:272)
at com.demoworkshop.qa.TestBase.waitForElement(TestBase.java:244)
at com.demoworkshop.qa.pages.DemoWorkShop_ShoppingCart.Clicking_Shopping_Cart(DemoWorkShop_ShoppingCart.java:68)
at com.demoworkshop.qa.Test.DemoWorkShop_End_To_End.TC007_SelectShippingCart_From_DemoWebShop(DemoWorkShop_End_To_End.java:122)
at sun.reflect.NativeMethodAccessorImpl.invoke0(Native Method)
at sun.reflect.NativeMethodAccessorImpl.invoke(NativeMethodAccessorImpl.java:62)
at sun.reflect.DelegatingMethodAccessorImpl.invoke(DelegatingMethodAccessorImpl.java:43)
at java.lang.reflect.Method.invoke(Method.java:498)
at org.testng.internal.MethodInvocationHelper.invokeMethod(MethodInvocationHelper.java:135)
at org.testng.internal.TestInvoker.invokeMethod(TestInvoker.java:598)
at org.testng.internal.TestInvoker.invokeTestMethod(TestInvoker.java:174)
at org.testng.internal.MethodRunner.runInSequence(MethodRunner.java:46)
at org.testng.internal.TestInvoker$MethodInvocationAgent.invoke(TestInvoker.java:821)
at org.testng.internal.TestInvoker.invokeTestMethods(TestInvoker.java:147)
at org.testng.internal.TestMethodWorker.invokeTestMethods(TestMethodWorker.java:146)
at org.testng.internal.TestMethodWorker.run(TestMethodWorker.java:128)
at java.util.ArrayList.forEach(ArrayList.java:1257)
at org.testng.TestRunner.privateRun(TestRunner.java:767)
at org.testng.TestRunner.run(TestRunner.java:588)
at org.testng.SuiteRunner.runTest(SuiteRunner.java:384)
at org.testng.SuiteRunner.runSequentially(SuiteRunner.java:378)
at org.testng.SuiteRunner.privateRun(SuiteRunner.java:337)
at org.testng.SuiteRunner.run(SuiteRunner.java:286)
at org.testng.SuiteRunnerWorker.runSuite(SuiteRunnerWorker.java:53)
at org.testng.SuiteRunnerWorker.run(SuiteRunnerWorker.java:96)
at org.testng.TestNG.runSuitesSequentially(TestNG.java:1214)
at org.testng.TestNG.runSuitesLocally(TestNG.java:1136)
at org.testng.TestNG.runSuites(TestNG.java:1066)
at org.testng.TestNG.run(TestNG.java:1034)
at org.testng.remote.AbstractRemoteTestNG.run(AbstractRemoteTestNG.java:115)
at org.testng.remote.RemoteTestNG.initAndRun(RemoteTestNG.java:251)
at org.testng.remote.RemoteTestNG.main(RemoteTestNG.java:77)
Caused by: org.openqa.selenium.NoSuchElementException: no such element: Unable to locate element: {"method":"xpath","selector":"//input[@id='termsofservice']"}
  (Session info: chrome=83.0.4103.106)
For documentation on this error, please visit: https://www.seleniumhq.org/exceptions/no_such_element.html
Build info: version: '3.141.59', revision: 'e82be7d358', time: '2018-11-14T08:17:03'
System info: host: 'DESKTOP-LMLOJ2T', ip: '192.168.1.3', os.name: 'Windows 10', os.arch: 'amd64', os.version: '10.0', java.version: '1.8.0_251'
Driver info: org.openqa.selenium.chrome.ChromeDriver
Capabilities {acceptInsecureCerts: false, browserName: chrome, browserVersion: 83.0.4103.106, chrome: {chromedriverVersion: 83.0.4103.39 (ccbf011cb2d2b..., userDataDir: C:\Users\sys4\AppData\Local...}, goog:chromeOptions: {debuggerAddress: localhost:54382}, javascriptEnabled: true, networkConnectionEnabled: false, pageLoadStrategy: none, platform: WINDOWS, platformName: WINDOWS, proxy: Proxy(), setWindowRect: true, strictFileInteractability: false, timeouts: {implicit: 0, pageLoad: 300000, script: 30000}, unhandledPromptBehavior: dismiss and notify, webauthn:virtualAuthenticators: true}
Session ID: ccf9717768a728205d4ef34c3842642c
*** Element info: {Using=xpath, value=//input[@id='termsofservice']}
at sun.reflect.NativeConstructorAccessorImpl.newInstance0(Native Method)
at sun.reflect.NativeConstructorAccessorImpl.newInstance(NativeConstructorAccessorImpl.java:62)
at sun.reflect.DelegatingConstructorAccessorImpl.newInstance(DelegatingConstructorAccessorImpl.java:45)
at java.lang.reflect.Constructor.newInstance(Constructor.java:423)
at org.openqa.selenium.remote.http.W3CHttpResponseCodec.createException(W3CHttpResponseCodec.java:187)
at org.openqa.selenium.remote.http.W3CHttpResponseCodec.decode(W3CHttpResponseCodec.java:122)
at org.openqa.selenium.remote.http.W3CHttpResponseCodec.decode(W3CHttpResponseCodec.java:49)
at org.openqa.selenium.remote.HttpCommandExecutor.execute(HttpCommandExecutor.java:158)
at org.openqa.selenium.remote.service.DriverCommandExecutor.execute(DriverCommandExecutor.java:83)
at org.openqa.selenium.remote.RemoteWebDriver.execute(RemoteWebDriver.java:552)
at org.openqa.selenium.remote.RemoteWebDriver.findElement(RemoteWebDriver.java:323)
at org.openqa.selenium.remote.RemoteWebDriver.findElementByXPath(RemoteWebDriver.java:428)
at org.openqa.selenium.By$ByXPath.findElement(By.java:353)
at org.openqa.selenium.remote.RemoteWebDriver.findElement(RemoteWebDriver.java:315)
at sun.reflect.GeneratedMethodAccessor10.invoke(Unknown Source)
at sun.reflect.DelegatingMethodAccessorImpl.invoke(DelegatingMethodAccessorImpl.java:43)
at java.lang.reflect.Method.invoke(Method.java:498)
at org.openqa.selenium.support.events.EventFiringWebDriver.lambda$new$1(EventFiringWebDriver.java:105)
at com.sun.proxy.$Proxy13.findElement(Unknown Source)
at org.openqa.selenium.support.events.EventFiringWebDriver.findElement(EventFiringWebDriver.java:194)
at org.openqa.selenium.support.pagefactory.DefaultElementLocator.findElement(DefaultElementLocator.java:69)
at org.openqa.selenium.support.pagefactory.internal.LocatingElementHandler.invoke(LocatingElementHandler.java:38)
at com.sun.proxy.$Proxy17.isDisplayed(Unknown Source)
at org.openqa.selenium.support.ui.ExpectedConditions.elementIfVisible(ExpectedConditions.java:314)
at org.openqa.selenium.support.ui.ExpectedConditions.access$000(ExpectedConditions.java:43)
at org.openqa.selenium.support.ui.ExpectedConditions$10.apply(ExpectedConditions.java:300)
at org.openqa.selenium.support.ui.ExpectedConditions$10.apply(ExpectedConditions.java:297)
at org.openqa.selenium.support.ui.ExpectedConditions$23.apply(ExpectedConditions.java:670)
at org.openqa.selenium.support.ui.ExpectedConditions$23.apply(ExpectedConditions.java:666)
at org.openqa.selenium.support.ui.FluentWait.until(FluentWait.java:249)
... 31 more
]]>
    </error>
  </testcase> <!-- TC007_SelectShippingCart_From_DemoWebShop -->
  <system-out>
Clicking Shipping cart  </system-out>
  <testcase name="TC008_Select_Orders_From_DemoWebShop" time="0.217" classname="com.demoworkshop.qa.Test.DemoWorkShop_End_To_End"/>
  <system-out/>
</testsuite> <!-- com.demoworkshop.qa.Test.DemoWorkShop_End_To_End -->
